SF:lib/core/error/failures.dart
DA:6,1
DA:8,0
DA:9,0
LF:3
LH:1
end_of_record
SF:lib/core/utils/input_converter.dart
DA:6,0
DA:8,0
DA:9,0
DA:10,0
DA:11,0
DA:12,0
LF:6
LH:0
end_of_record
SF:lib/features/number_trivia/domain/usecases/get_concrete_number_trivia.dart
DA:11,0
DA:13,0
DA:15,0
DA:22,1
DA:24,1
DA:26,2
LF:6
LH:3
end_of_record
SF:lib/features/number_trivia/domain/usecases/get_random_number_trivia.dart
DA:11,0
DA:13,0
DA:15,0
DA:20,1
DA:21,1
LF:5
LH:2
end_of_record
SF:lib/features/number_trivia/presentation/bloc/number_trivia_event.dart
DA:4,1
DA:10,1
DA:12,0
DA:13,0
DA:17,0
DA:18,0
LF:6
LH:2
end_of_record
SF:lib/features/number_trivia/presentation/bloc/number_trivia_state.dart
DA:4,3
DA:8,1
DA:9,1
DA:13,1
DA:14,1
DA:20,2
DA:22,1
DA:23,2
DA:29,3
DA:31,1
DA:32,2
LF:11
LH:11
end_of_record
SF:lib/features/number_trivia/presentation/bloc/number_trivia_bloc.dart
DA:25,1
DA:32,2
DA:33,2
DA:35,3
DA:37,2
DA:38,1
DA:39,1
DA:40,2
DA:42,3
DA:43,2
DA:47,2
DA:48,2
DA:49,3
DA:50,2
DA:54,2
DA:56,1
DA:58,1
DA:59,3
DA:60,2
DA:63,1
DA:64,1
DA:65,1
DA:67,1
LF:23
LH:23
end_of_record
SF:lib/features/number_trivia/domain/entities/number_trivia.dart
DA:7,1
DA:9,1
DA:11,3
LF:3
LH:3
end_of_record
